<?xml version="1.0" encoding="UTF-8"?>
<testng-results skipped="0" failed="0" ignored="0" total="3" passed="3">
  <reporter-output>
  </reporter-output>
  <suite name="Default suite" duration-ms="14782" started-at="2021-07-09T22:40:10 IST" finished-at="2021-07-09T22:40:25 IST">
    <groups>
      <group name="cucumber">
        <method signature="AbstractTestNGCucumberTests.runScenario(io.cucumber.testng.PickleWrapper, io.cucumber.testng.FeatureWrapper)[pri:0, instance:runner.RunSimpleTagsTest@fe18270]" name="runScenario" class="io.cucumber.testng.AbstractTestNGCucumberTests"/>
      </group> <!-- cucumber -->
    </groups>
    <test name="Default test" duration-ms="14782" started-at="2021-07-09T22:40:10 IST" finished-at="2021-07-09T22:40:25 IST">
      <class name="runner.RunSimpleTagsTest">
        <test-method status="PASS" signature="setUpClass()[pri:0, instance:runner.RunSimpleTagsTest@fe18270]" name="setUpClass" is-config="true" duration-ms="1478" started-at="2021-07-09T22:40:10 IST" finished-at="2021-07-09T22:40:12 IST">
          <reporter-output>
          </reporter-output>
        </test-method> <!-- setUpClass -->
        <test-method status="PASS" signature="runScenario(io.cucumber.testng.PickleWrapper, io.cucumber.testng.FeatureWrapper)[pri:0, instance:runner.RunSimpleTagsTest@fe18270]" name="runScenario" duration-ms="555" started-at="2021-07-09T22:40:12 IST" description="Runs Cucumber Scenarios" data-provider="scenarios" finished-at="2021-07-09T22:40:12 IST">
          <params>
            <param index="0">
              <value>
                <![CDATA["TC1 for Tags"]]>
              </value>
            </param>
            <param index="1">
              <value>
                <![CDATA["Optional[Simple Tags Test]"]]>
              </value>
            </param>
          </params>
          <reporter-output>
          </reporter-output>
        </test-method> <!-- runScenario -->
        <test-method status="PASS" signature="runScenario(io.cucumber.testng.PickleWrapper, io.cucumber.testng.FeatureWrapper)[pri:0, instance:runner.RunSimpleTagsTest@fe18270]" name="runScenario" duration-ms="53" started-at="2021-07-09T22:40:12 IST" description="Runs Cucumber Scenarios" data-provider="scenarios" finished-at="2021-07-09T22:40:12 IST">
          <params>
            <param index="0">
              <value>
                <![CDATA["TC2 for Tags"]]>
              </value>
            </param>
            <param index="1">
              <value>
                <![CDATA["Optional[Simple Tags Test]"]]>
              </value>
            </param>
          </params>
          <reporter-output>
          </reporter-output>
        </test-method> <!-- runScenario -->
        <test-method status="PASS" signature="runScenario(io.cucumber.testng.PickleWrapper, io.cucumber.testng.FeatureWrapper)[pri:0, instance:runner.RunSimpleTagsTest@fe18270]" name="runScenario" duration-ms="43" started-at="2021-07-09T22:40:12 IST" description="Runs Cucumber Scenarios" data-provider="scenarios" finished-at="2021-07-09T22:40:12 IST">
          <params>
            <param index="0">
              <value>
                <![CDATA["TC3 for Tags"]]>
              </value>
            </param>
            <param index="1">
              <value>
                <![CDATA["Optional[Simple Tags Test]"]]>
              </value>
            </param>
          </params>
          <reporter-output>
          </reporter-output>
        </test-method> <!-- runScenario -->
        <test-method status="PASS" signature="tearDownClass()[pri:0, instance:runner.RunSimpleTagsTest@fe18270]" name="tearDownClass" is-config="true" duration-ms="12575" started-at="2021-07-09T22:40:12 IST" finished-at="2021-07-09T22:40:25 IST">
          <reporter-output>
          </reporter-output>
        </test-method> <!-- tearDownClass -->
      </class> <!-- runner.RunSimpleTagsTest -->
    </test> <!-- Default test -->
  </suite> <!-- Default suite -->
</testng-results>
